<?xml version="1.0" encoding="UTF-8"?>
<testsuite xmlns:xsi="http://www.w3.org/2001/XMLSchema-instance" xsi:noNamespaceSchemaLocation="https://maven.apache.org/surefire/maven-surefire-plugin/xsd/surefire-test-report.xsd" name="TestSuite" time="8.591" tests="1" errors="0" skipped="0" failures="1">
  <properties>
    <property name="sun.desktop" value="windows"/>
    <property name="awt.toolkit" value="sun.awt.windows.WToolkit"/>
    <property name="file.encoding.pkg" value="sun.io"/>
    <property name="java.specification.version" value="1.8"/>
    <property name="sun.cpu.isalist" value="amd64"/>
    <property name="sun.jnu.encoding" value="GBK"/>
    <property name="java.class.path" value="D:\javatsetng\target\test-classes;D:\javatsetng\target\classes;D:\maven-repository\org\testng\testng\7.1.0\testng-7.1.0.jar;D:\maven-repository\com\beust\jcommander\1.72\jcommander-1.72.jar;D:\maven-repository\com\google\inject\guice\4.1.0\guice-4.1.0-no_aop.jar;D:\maven-repository\org\yaml\snakeyaml\1.21\snakeyaml-1.21.jar;D:\maven-repository\log4j\log4j\1.2.17\log4j-1.2.17.jar;D:\maven-repository\org\apache\poi\poi-ooxml\4.1.2\poi-ooxml-4.1.2.jar;D:\maven-repository\org\apache\poi\poi\4.1.2\poi-4.1.2.jar;D:\maven-repository\commons-codec\commons-codec\1.13\commons-codec-1.13.jar;D:\maven-repository\org\apache\commons\commons-collections4\4.4\commons-collections4-4.4.jar;D:\maven-repository\org\apache\commons\commons-math3\3.6.1\commons-math3-3.6.1.jar;D:\maven-repository\com\zaxxer\SparseBitSet\1.2\SparseBitSet-1.2.jar;D:\maven-repository\org\apache\poi\poi-ooxml-schemas\4.1.2\poi-ooxml-schemas-4.1.2.jar;D:\maven-repository\org\apache\xmlbeans\xmlbeans\3.1.0\xmlbeans-3.1.0.jar;D:\maven-repository\org\apache\commons\commons-compress\1.19\commons-compress-1.19.jar;D:\maven-repository\com\github\virtuald\curvesapi\1.06\curvesapi-1.06.jar;D:\maven-repository\org\seleniumhq\selenium\selenium-java\3.141.59\selenium-java-3.141.59.jar;D:\maven-repository\org\seleniumhq\selenium\selenium-api\3.141.59\selenium-api-3.141.59.jar;D:\maven-repository\org\seleniumhq\selenium\selenium-chrome-driver\3.141.59\selenium-chrome-driver-3.141.59.jar;D:\maven-repository\org\seleniumhq\selenium\selenium-edge-driver\3.141.59\selenium-edge-driver-3.141.59.jar;D:\maven-repository\org\seleniumhq\selenium\selenium-firefox-driver\3.141.59\selenium-firefox-driver-3.141.59.jar;D:\maven-repository\org\seleniumhq\selenium\selenium-ie-driver\3.141.59\selenium-ie-driver-3.141.59.jar;D:\maven-repository\org\seleniumhq\selenium\selenium-opera-driver\3.141.59\selenium-opera-driver-3.141.59.jar;D:\maven-repository\org\seleniumhq\selenium\selenium-remote-driver\3.141.59\selenium-remote-driver-3.141.59.jar;D:\maven-repository\org\seleniumhq\selenium\selenium-safari-driver\3.141.59\selenium-safari-driver-3.141.59.jar;D:\maven-repository\org\seleniumhq\selenium\selenium-support\3.141.59\selenium-support-3.141.59.jar;D:\maven-repository\net\bytebuddy\byte-buddy\1.8.15\byte-buddy-1.8.15.jar;D:\maven-repository\org\apache\commons\commons-exec\1.3\commons-exec-1.3.jar;D:\maven-repository\com\google\guava\guava\25.0-jre\guava-25.0-jre.jar;D:\maven-repository\com\google\code\findbugs\jsr305\1.3.9\jsr305-1.3.9.jar;D:\maven-repository\org\checkerframework\checker-compat-qual\2.0.0\checker-compat-qual-2.0.0.jar;D:\maven-repository\com\google\errorprone\error_prone_annotations\2.1.3\error_prone_annotations-2.1.3.jar;D:\maven-repository\com\google\j2objc\j2objc-annotations\1.1\j2objc-annotations-1.1.jar;D:\maven-repository\org\codehaus\mojo\animal-sniffer-annotations\1.14\animal-sniffer-annotations-1.14.jar;D:\maven-repository\com\squareup\okhttp3\okhttp\3.11.0\okhttp-3.11.0.jar;D:\maven-repository\com\squareup\okio\okio\1.14.0\okio-1.14.0.jar;D:\maven-repository\dom4j\dom4j\1.6.1\dom4j-1.6.1.jar;D:\maven-repository\xml-apis\xml-apis\1.0.b2\xml-apis-1.0.b2.jar;D:\maven-repository\org\uncommons\reportng\1.1.4\reportng-1.1.4.jar;D:\maven-repository\velocity\velocity\1.4\velocity-1.4.jar;D:\maven-repository\velocity\velocity-dep\1.4\velocity-dep-1.4.jar;D:\maven-repository\com\google\inject\guice\4.0\guice-4.0.jar;D:\maven-repository\javax\inject\javax.inject\1\javax.inject-1.jar;D:\maven-repository\aopalliance\aopalliance\1.0\aopalliance-1.0.jar;D:\maven-repository\commons-io\commons-io\2.6\commons-io-2.6.jar;D:\maven-repository\io\qameta\allure\allure-java-commons\2.6.0\allure-java-commons-2.6.0.jar;D:\maven-repository\io\qameta\allure\allure2-model-api\1.0-BETA6\allure2-model-api-1.0-BETA6.jar;D:\maven-repository\io\qameta\allure\allure2-model-pojo\1.0-BETA6\allure2-model-pojo-1.0-BETA6.jar;D:\maven-repository\org\apache\tika\tika-core\1.14\tika-core-1.14.jar;D:\maven-repository\io\qameta\allure\allure2-model-jackson\1.0-BETA6\allure2-model-jackson-1.0-BETA6.jar;D:\maven-repository\com\fasterxml\jackson\core\jackson-databind\2.7.0\jackson-databind-2.7.0.jar;D:\maven-repository\com\fasterxml\jackson\core\jackson-annotations\2.7.0\jackson-annotations-2.7.0.jar;D:\maven-repository\com\fasterxml\jackson\core\jackson-core\2.7.0\jackson-core-2.7.0.jar;D:\maven-repository\com\fasterxml\jackson\module\jackson-module-jaxb-annotations\2.7.0\jackson-module-jaxb-annotations-2.7.0.jar;D:\maven-repository\org\apache\commons\commons-lang3\3.5\commons-lang3-3.5.jar;D:\maven-repository\org\aspectj\aspectjrt\1.8.10\aspectjrt-1.8.10.jar;D:\maven-repository\org\jooq\joor\0.9.6\joor-0.9.6.jar;D:\maven-repository\org\slf4j\slf4j-api\1.7.21\slf4j-api-1.7.21.jar;"/>
    <property name="java.vm.vendor" value="Oracle Corporation"/>
    <property name="sun.arch.data.model" value="64"/>
    <property name="user.variant" value=""/>
    <property name="java.vendor.url" value="http://java.oracle.com/"/>
    <property name="user.timezone" value="Asia/Shanghai"/>
    <property name="java.vm.specification.version" value="1.8"/>
    <property name="os.name" value="Windows 8.1"/>
    <property name="user.country" value="CN"/>
    <property name="sun.java.launcher" value="SUN_STANDARD"/>
    <property name="allure.link.issue.pattern" value="https://example.org/issue/{}"/>
    <property name="sun.boot.library.path" value="C:\Program Files\Java\jdk1.8.0_31\jre\bin"/>
    <property name="sun.java.command" value="C:\Users\WIN10\AppData\Local\Temp\surefire4417476580600771425\surefirebooter748258541678156525.jar C:\Users\WIN10\AppData\Local\Temp\surefire4417476580600771425 2020-07-05T19-20-02_361-jvmRun1 surefire7229556900401539344tmp surefire_09212718270090345239tmp"/>
    <property name="surefire.test.class.path" value="D:\javatsetng\target\test-classes;D:\javatsetng\target\classes;D:\maven-repository\org\testng\testng\7.1.0\testng-7.1.0.jar;D:\maven-repository\com\beust\jcommander\1.72\jcommander-1.72.jar;D:\maven-repository\com\google\inject\guice\4.1.0\guice-4.1.0-no_aop.jar;D:\maven-repository\org\yaml\snakeyaml\1.21\snakeyaml-1.21.jar;D:\maven-repository\log4j\log4j\1.2.17\log4j-1.2.17.jar;D:\maven-repository\org\apache\poi\poi-ooxml\4.1.2\poi-ooxml-4.1.2.jar;D:\maven-repository\org\apache\poi\poi\4.1.2\poi-4.1.2.jar;D:\maven-repository\commons-codec\commons-codec\1.13\commons-codec-1.13.jar;D:\maven-repository\org\apache\commons\commons-collections4\4.4\commons-collections4-4.4.jar;D:\maven-repository\org\apache\commons\commons-math3\3.6.1\commons-math3-3.6.1.jar;D:\maven-repository\com\zaxxer\SparseBitSet\1.2\SparseBitSet-1.2.jar;D:\maven-repository\org\apache\poi\poi-ooxml-schemas\4.1.2\poi-ooxml-schemas-4.1.2.jar;D:\maven-repository\org\apache\xmlbeans\xmlbeans\3.1.0\xmlbeans-3.1.0.jar;D:\maven-repository\org\apache\commons\commons-compress\1.19\commons-compress-1.19.jar;D:\maven-repository\com\github\virtuald\curvesapi\1.06\curvesapi-1.06.jar;D:\maven-repository\org\seleniumhq\selenium\selenium-java\3.141.59\selenium-java-3.141.59.jar;D:\maven-repository\org\seleniumhq\selenium\selenium-api\3.141.59\selenium-api-3.141.59.jar;D:\maven-repository\org\seleniumhq\selenium\selenium-chrome-driver\3.141.59\selenium-chrome-driver-3.141.59.jar;D:\maven-repository\org\seleniumhq\selenium\selenium-edge-driver\3.141.59\selenium-edge-driver-3.141.59.jar;D:\maven-repository\org\seleniumhq\selenium\selenium-firefox-driver\3.141.59\selenium-firefox-driver-3.141.59.jar;D:\maven-repository\org\seleniumhq\selenium\selenium-ie-driver\3.141.59\selenium-ie-driver-3.141.59.jar;D:\maven-repository\org\seleniumhq\selenium\selenium-opera-driver\3.141.59\selenium-opera-driver-3.141.59.jar;D:\maven-repository\org\seleniumhq\selenium\selenium-remote-driver\3.141.59\selenium-remote-driver-3.141.59.jar;D:\maven-repository\org\seleniumhq\selenium\selenium-safari-driver\3.141.59\selenium-safari-driver-3.141.59.jar;D:\maven-repository\org\seleniumhq\selenium\selenium-support\3.141.59\selenium-support-3.141.59.jar;D:\maven-repository\net\bytebuddy\byte-buddy\1.8.15\byte-buddy-1.8.15.jar;D:\maven-repository\org\apache\commons\commons-exec\1.3\commons-exec-1.3.jar;D:\maven-repository\com\google\guava\guava\25.0-jre\guava-25.0-jre.jar;D:\maven-repository\com\google\code\findbugs\jsr305\1.3.9\jsr305-1.3.9.jar;D:\maven-repository\org\checkerframework\checker-compat-qual\2.0.0\checker-compat-qual-2.0.0.jar;D:\maven-repository\com\google\errorprone\error_prone_annotations\2.1.3\error_prone_annotations-2.1.3.jar;D:\maven-repository\com\google\j2objc\j2objc-annotations\1.1\j2objc-annotations-1.1.jar;D:\maven-repository\org\codehaus\mojo\animal-sniffer-annotations\1.14\animal-sniffer-annotations-1.14.jar;D:\maven-repository\com\squareup\okhttp3\okhttp\3.11.0\okhttp-3.11.0.jar;D:\maven-repository\com\squareup\okio\okio\1.14.0\okio-1.14.0.jar;D:\maven-repository\dom4j\dom4j\1.6.1\dom4j-1.6.1.jar;D:\maven-repository\xml-apis\xml-apis\1.0.b2\xml-apis-1.0.b2.jar;D:\maven-repository\org\uncommons\reportng\1.1.4\reportng-1.1.4.jar;D:\maven-repository\velocity\velocity\1.4\velocity-1.4.jar;D:\maven-repository\velocity\velocity-dep\1.4\velocity-dep-1.4.jar;D:\maven-repository\com\google\inject\guice\4.0\guice-4.0.jar;D:\maven-repository\javax\inject\javax.inject\1\javax.inject-1.jar;D:\maven-repository\aopalliance\aopalliance\1.0\aopalliance-1.0.jar;D:\maven-repository\commons-io\commons-io\2.6\commons-io-2.6.jar;D:\maven-repository\io\qameta\allure\allure-java-commons\2.6.0\allure-java-commons-2.6.0.jar;D:\maven-repository\io\qameta\allure\allure2-model-api\1.0-BETA6\allure2-model-api-1.0-BETA6.jar;D:\maven-repository\io\qameta\allure\allure2-model-pojo\1.0-BETA6\allure2-model-pojo-1.0-BETA6.jar;D:\maven-repository\org\apache\tika\tika-core\1.14\tika-core-1.14.jar;D:\maven-repository\io\qameta\allure\allure2-model-jackson\1.0-BETA6\allure2-model-jackson-1.0-BETA6.jar;D:\maven-repository\com\fasterxml\jackson\core\jackson-databind\2.7.0\jackson-databind-2.7.0.jar;D:\maven-repository\com\fasterxml\jackson\core\jackson-annotations\2.7.0\jackson-annotations-2.7.0.jar;D:\maven-repository\com\fasterxml\jackson\core\jackson-core\2.7.0\jackson-core-2.7.0.jar;D:\maven-repository\com\fasterxml\jackson\module\jackson-module-jaxb-annotations\2.7.0\jackson-module-jaxb-annotations-2.7.0.jar;D:\maven-repository\org\apache\commons\commons-lang3\3.5\commons-lang3-3.5.jar;D:\maven-repository\org\aspectj\aspectjrt\1.8.10\aspectjrt-1.8.10.jar;D:\maven-repository\org\jooq\joor\0.9.6\joor-0.9.6.jar;D:\maven-repository\org\slf4j\slf4j-api\1.7.21\slf4j-api-1.7.21.jar;"/>
    <property name="sun.cpu.endian" value="little"/>
    <property name="allure.results.directory" value="D:\javatsetng\target/allure-results"/>
    <property name="user.home" value="C:\Users\WIN10"/>
    <property name="user.language" value="zh"/>
    <property name="java.specification.vendor" value="Oracle Corporation"/>
    <property name="java.home" value="C:\Program Files\Java\jdk1.8.0_31\jre"/>
    <property name="basedir" value="D:\javatsetng"/>
    <property name="file.separator" value="\"/>
    <property name="line.separator" value="&#10;"/>
    <property name="java.vm.specification.vendor" value="Oracle Corporation"/>
    <property name="java.specification.name" value="Java Platform API Specification"/>
    <property name="java.awt.graphicsenv" value="sun.awt.Win32GraphicsEnvironment"/>
    <property name="surefire.real.class.path" value="C:\Users\WIN10\AppData\Local\Temp\surefire4417476580600771425\surefirebooter748258541678156525.jar"/>
    <property name="sun.boot.class.path" value="C:\Program Files\Java\jdk1.8.0_31\jre\lib\resources.jar;C:\Program Files\Java\jdk1.8.0_31\jre\lib\rt.jar;C:\Program Files\Java\jdk1.8.0_31\jre\lib\sunrsasign.jar;C:\Program Files\Java\jdk1.8.0_31\jre\lib\jsse.jar;C:\Program Files\Java\jdk1.8.0_31\jre\lib\jce.jar;C:\Program Files\Java\jdk1.8.0_31\jre\lib\charsets.jar;C:\Program Files\Java\jdk1.8.0_31\jre\lib\jfr.jar;C:\Program Files\Java\jdk1.8.0_31\jre\classes"/>
    <property name="user.script" value=""/>
    <property name="sun.management.compiler" value="HotSpot 64-Bit Tiered Compilers"/>
    <property name="java.runtime.version" value="1.8.0_31-b13"/>
    <property name="user.name" value="WIN10"/>
    <property name="path.separator" value=";"/>
    <property name="os.version" value="6.3"/>
    <property name="java.endorsed.dirs" value="C:\Program Files\Java\jdk1.8.0_31\jre\lib\endorsed"/>
    <property name="java.runtime.name" value="Java(TM) SE Runtime Environment"/>
    <property name="file.encoding" value="UTF-8"/>
    <property name="java.vm.name" value="Java HotSpot(TM) 64-Bit Server VM"/>
    <property name="localRepository" value="D:\maven-repository"/>
    <property name="java.vendor.url.bug" value="http://bugreport.sun.com/bugreport/"/>
    <property name="java.io.tmpdir" value="C:\Users\WIN10\AppData\Local\Temp\"/>
    <property name="java.version" value="1.8.0_31"/>
    <property name="user.dir" value="D:\javatsetng"/>
    <property name="os.arch" value="amd64"/>
    <property name="java.vm.specification.name" value="Java Virtual Machine Specification"/>
    <property name="java.awt.printerjob" value="sun.awt.windows.WPrinterJob"/>
    <property name="sun.os.patch.level" value=""/>
    <property name="java.library.path" value="C:\Program Files\Java\jdk1.8.0_31\jre\bin;C:\Windows\Sun\Java\bin;C:\Windows\system32;C:\Windows;D:\新建文件夹 (2)\;D:\软件\Scripts\;D:\软件\;C:\ProgramData\Oracle\Java\javapath;C:\Program Files (x86)\Common Files\Oracle\Java\javapath;C:\Program Files\Java\jdk1.8.0_31\bin;C:\Program Files\Java\jdk1.8.0_31\jre\bin;C:\Program Files\Git\cmd;D:\IM\mysql-8.0.16-winx64\bin;D:\SDK\platform-tools;C:\Windows\System32;C:\Program Files\MySQL\MySQL Server 8.0\bin;D:\SDK\tools;D:\SDK\platform-tools;D:\mysql-8.0.17-winx64\bin;C:\strawberry\c\bin;C:\strawberry\perl\bin;D:\新建文件夹\apache-jmeter-4.0\bin;D:\新建文件夹 (2)\apache-ant-1.10.7\bin;D:\新建文件夹 (2)\apache-tomcat-8.5.46\bin;C:\Users\WIN10\AppData\Local\Google\Chrome\Application;D:\allure-2.7.0\bin;D:\nodejs\;D:\apache-maven-3.6.3\bin;C:\Windows;C:\Windows\system32\wbem;C:\Program Files\Git\usr\bin;C:\Users\WIN10\AppData\Local\Programs\Python\Python36-32\Scripts\;C:\Users\WIN10\AppData\Local\Programs\Python\Python36-32\;C:\Program Files\MySQL\MySQL Shell 8.0\bin\;D:\myphtyon\PyCharm 2019.1.3\bin;;D:\WebStorm\WebStorm 2019.3\bin;;C:\Users\WIN10\AppData\Roaming\npm;D:\Fiddler;D:\新建文件夹 (2)\Microsoft VS Code\bin;."/>
    <property name="java.vm.info" value="mixed mode"/>
    <property name="java.vendor" value="Oracle Corporation"/>
    <property name="java.vm.version" value="25.31-b07"/>
    <property name="java.ext.dirs" value="C:\Program Files\Java\jdk1.8.0_31\jre\lib\ext;C:\Windows\Sun\Java\lib\ext"/>
    <property name="sun.io.unicode.encoding" value="UnicodeLittle"/>
    <property name="java.class.version" value="52.0"/>
  </properties>
  <testcase name="run" classname="xinxin.Mytest" time="1.691">
    <failure type="java.lang.NullPointerException">java.lang.NullPointerException
	at xinxin.Mytest.run(Mytest.java:27)
</failure>
    <system-out><![CDATA[2020-07-05 19:20:10:720] [INFO] [main] [xinxin.Base.to(Base.java:50)] - 璁块棶椤甸潰https://www.baidu.com/
2020-07-05 19:20:11:781] [INFO] [main] [xinxin.Base.send(Base.java:58)] - 瀹氫綅鍒?:銆?棣栭〉銆戠殑椤甸潰銆?nicai銆戝線閲岄潰鍐欏叆銆?绠?涔?銆?
2020-07-05 19:20:11:841] [INFO] [main] [xinxin.UILibraryUtil.getElementByKeyword(UILibraryUtil.java:78)] - 鑾峰彇鍏冪礌澶辫触
]]></system-out>
    <system-err><![CDATA[Starting ChromeDriver 76.0.3809.126 (d80a294506b4c9d18015e755cee48f953ddc3f2f-refs/branch-heads/3809@{#1024}) on port 5460
Only local connections are allowed.
Please protect ports used by ChromeDriver and related test frameworks to prevent access by malicious code.
七月 05, 2020 7:20:09 下午 org.openqa.selenium.remote.ProtocolHandshake createSession
信息: Detected dialect: W3C
]]></system-err>
  </testcase>
</testsuite>